<?xml version="1.0" encoding="UTF-8"?>
<coverage generated="1723642176775" clover="3.2.0">
  <project timestamp="1723642176775" name="All files">
    <metrics statements="16" coveredstatements="16" conditionals="2" coveredconditionals="2" methods="10" coveredmethods="10" elements="28" coveredelements="28" complexity="0" loc="16" ncloc="16" packages="2" files="4" classes="4"/>
    <package name="src">
      <metrics statements="0" coveredstatements="0" conditionals="0" coveredconditionals="0" methods="1" coveredmethods="1"/>
      <file name="App.tsx" path="/Users/tomoyo/Desktop/shopping-list-testing/src/App.tsx">
        <metrics statements="0" coveredstatements="0" conditionals="0" coveredconditionals="0" methods="1" coveredmethods="1"/>
      </file>
    </package>
    <package name="src.components">
      <metrics statements="16" coveredstatements="16" conditionals="2" coveredconditionals="2" methods="9" coveredmethods="9"/>
      <file name="ItemInput.tsx" path="/Users/tomoyo/Desktop/shopping-list-testing/src/components/ItemInput.tsx">
        <metrics statements="8" coveredstatements="8" conditionals="2" coveredconditionals="2" methods="3" coveredmethods="3"/>
        <line num="7" count="3" type="stmt"/>
        <line num="8" count="25" type="stmt"/>
        <line num="10" count="25" type="stmt"/>
        <line num="11" count="8" type="stmt"/>
        <line num="12" count="8" type="cond" truecount="2" falsecount="0"/>
        <line num="13" count="6" type="stmt"/>
        <line num="14" count="6" type="stmt"/>
        <line num="23" count="7" type="stmt"/>
      </file>
      <file name="ShoppingItem.tsx" path="/Users/tomoyo/Desktop/shopping-list-testing/src/components/ShoppingItem.tsx">
        <metrics statements="2" coveredstatements="2" conditionals="0" coveredconditionals="0" methods="2" coveredmethods="2"/>
        <line num="11" count="3" type="stmt"/>
        <line num="15" count="2" type="stmt"/>
      </file>
      <file name="ShoppingList.tsx" path="/Users/tomoyo/Desktop/shopping-list-testing/src/components/ShoppingList.tsx">
        <metrics statements="6" coveredstatements="6" conditionals="0" coveredconditionals="0" methods="4" coveredmethods="4"/>
        <line num="10" count="2" type="stmt"/>
        <line num="11" count="11" type="stmt"/>
        <line num="13" count="11" type="stmt"/>
        <line num="14" count="4" type="stmt"/>
        <line num="23" count="11" type="stmt"/>
        <line num="24" count="1" type="stmt"/>
      </file>
    </package>
  </project>
</coverage>
