{"/Users/tomoyo/Desktop/shopping-list-testing/src/App.tsx": {"path":"/Users/tomoyo/Desktop/shopping-list-testing/src/App.tsx","statementMap":{},"fnMap":{"0":{"name":"App","decl":{"start":{"line":5,"column":9},"end":{"line":5,"column":null}},"loc":{"start":{"line":5,"column":9},"end":{"line":15,"column":null}}}},"branchMap":{},"s":{},"f":{"0":2},"b":{}}
,"/Users/tomoyo/Desktop/shopping-list-testing/src/components/ItemInput.tsx": {"path":"/Users/tomoyo/Desktop/shopping-list-testing/src/components/ItemInput.tsx","statementMap":{"0":{"start":{"line":7,"column":44},"end":{"line":30,"column":null}},"1":{"start":{"line":8,"column":38},"end":{"line":8,"column":null}},"2":{"start":{"line":10,"column":23},"end":{"line":16,"column":null}},"3":{"start":{"line":11,"column":4},"end":{"line":11,"column":null}},"4":{"start":{"line":12,"column":4},"end":{"line":15,"column":null}},"5":{"start":{"line":13,"column":6},"end":{"line":13,"column":null}},"6":{"start":{"line":14,"column":6},"end":{"line":14,"column":null}},"7":{"start":{"line":23,"column":25},"end":{"line":23,"column":null}}},"fnMap":{"0":{"name":"(anonymous_0)","decl":{"start":{"line":7,"column":44},"end":{"line":7,"column":45}},"loc":{"start":{"line":7,"column":56},"end":{"line":30,"column":null}}},"1":{"name":"(anonymous_1)","decl":{"start":{"line":10,"column":23},"end":{"line":10,"column":24}},"loc":{"start":{"line":10,"column":24},"end":{"line":16,"column":null}}},"2":{"name":"(anonymous_2)","decl":{"start":{"line":23,"column":18},"end":{"line":23,"column":19}},"loc":{"start":{"line":23,"column":25},"end":{"line":23,"column":null}}}},"branchMap":{"0":{"loc":{"start":{"line":12,"column":4},"end":{"line":15,"column":null}},"type":"if","locations":[{"start":{"line":12,"column":4},"end":{"line":15,"column":null}},{"start":{},"end":{}}]}},"s":{"0":3,"1":25,"2":25,"3":8,"4":8,"5":6,"6":6,"7":7},"f":{"0":25,"1":8,"2":7},"b":{"0":[6,2]}}
,"/Users/tomoyo/Desktop/shopping-list-testing/src/components/ShoppingItem.tsx": {"path":"/Users/tomoyo/Desktop/shopping-list-testing/src/components/ShoppingItem.tsx","statementMap":{"0":{"start":{"line":11,"column":50},"end":{"line":18,"column":null}},"1":{"start":{"line":15,"column":29},"end":{"line":15,"column":50}}},"fnMap":{"0":{"name":"(anonymous_0)","decl":{"start":{"line":11,"column":50},"end":{"line":11,"column":51}},"loc":{"start":{"line":11,"column":71},"end":{"line":18,"column":null}}},"1":{"name":"(anonymous_1)","decl":{"start":{"line":15,"column":23},"end":{"line":15,"column":29}},"loc":{"start":{"line":15,"column":29},"end":{"line":15,"column":50}}}},"branchMap":{},"s":{"0":3,"1":2},"f":{"0":7,"1":2},"b":{}}
,"/Users/tomoyo/Desktop/shopping-list-testing/src/components/ShoppingList.tsx": {"path":"/Users/tomoyo/Desktop/shopping-list-testing/src/components/ShoppingList.tsx","statementMap":{"0":{"start":{"line":10,"column":31},"end":{"line":37,"column":null}},"1":{"start":{"line":11,"column":28},"end":{"line":11,"column":null}},"2":{"start":{"line":13,"column":18},"end":{"line":21,"column":null}},"3":{"start":{"line":14,"column":4},"end":{"line":20,"column":null}},"4":{"start":{"line":23,"column":21},"end":{"line":25,"column":null}},"5":{"start":{"line":24,"column":4},"end":{"line":24,"column":null}},"6":{"start":{"line":24,"column":36},"end":{"line":24,"column":null}}},"fnMap":{"0":{"name":"(anonymous_0)","decl":{"start":{"line":10,"column":31},"end":{"line":10,"column":null}},"loc":{"start":{"line":10,"column":31},"end":{"line":37,"column":null}}},"1":{"name":"(anonymous_1)","decl":{"start":{"line":13,"column":18},"end":{"line":13,"column":19}},"loc":{"start":{"line":13,"column":19},"end":{"line":21,"column":null}}},"2":{"name":"(anonymous_2)","decl":{"start":{"line":23,"column":21},"end":{"line":23,"column":22}},"loc":{"start":{"line":23,"column":22},"end":{"line":25,"column":null}}},"3":{"name":"(anonymous_3)","decl":{"start":{"line":24,"column":26},"end":{"line":24,"column":27}},"loc":{"start":{"line":24,"column":36},"end":{"line":24,"column":null}}}},"branchMap":{},"s":{"0":2,"1":11,"2":11,"3":4,"4":11,"5":1,"6":1},"f":{"0":11,"1":4,"2":1,"3":1},"b":{}}
}
